2024-02-13 13:38:04,108 - Initializing pygame
2024-02-13 13:38:04,915 - Initializing player
2024-02-13 13:38:04,915 - Starting game
2024-02-13 13:38:04,918 - Resetting stats
2024-02-13 13:38:09,492 - Resetting stats
2024-02-13 13:38:13,952 - Spike damage: 5
2024-02-13 13:38:13,953 - Spike damage: 5
2024-02-13 13:38:13,968 - Spike damage: 5
2024-02-13 13:38:13,968 - Spike damage: 5
2024-02-13 13:38:13,986 - Spike damage: 5
2024-02-13 13:38:13,986 - Spike damage: 5
2024-02-13 13:38:14,000 - Spike damage: 5
2024-02-13 13:38:14,000 - Spike damage: 5
2024-02-13 13:38:14,017 - Spike damage: 5
2024-02-13 13:38:14,034 - Spike damage: 5
2024-02-13 13:38:14,047 - Spike damage: 5
2024-02-13 13:38:14,067 - Spike damage: 5
2024-02-13 13:38:14,084 - Spike damage: 5
2024-02-13 13:38:16,942 - Initializing level 2
2024-02-13 13:38:21,123 - Spike damage: 5
2024-02-13 13:38:21,138 - Spike damage: 5
2024-02-13 13:38:21,154 - Spike damage: 5
2024-02-13 13:38:21,172 - Spike damage: 5
2024-02-13 13:38:21,172 - Spike damage: 5
2024-02-13 13:38:21,187 - Spike damage: 5
2024-02-13 13:38:21,187 - Spike damage: 5
2024-02-13 13:38:21,204 - Spike damage: 5
2024-02-13 13:38:21,204 - Spike damage: 5
2024-02-13 13:38:21,220 - Spike damage: 5
2024-02-13 13:38:21,220 - Spike damage: 5
2024-02-13 13:38:21,220 - Spike damage: 5
2024-02-13 13:38:21,940 - Spike damage: 5
2024-02-13 13:38:21,940 - Spike damage: 5
2024-02-13 13:38:21,956 - Spike damage: 5
2024-02-13 13:38:21,956 - Spike damage: 5
2024-02-13 13:38:21,956 - Resetting stats
2024-02-13 13:38:23,720 - Resetting stats
2024-02-13 13:38:27,110 - Spike damage: 5
2024-02-13 13:38:27,110 - Spike damage: 5
2024-02-13 13:38:27,124 - Spike damage: 5
2024-02-13 13:38:27,124 - Spike damage: 5
2024-02-13 13:38:27,142 - Spike damage: 5
2024-02-13 13:38:27,143 - Spike damage: 5
2024-02-13 13:38:27,159 - Spike damage: 5
2024-02-13 13:38:27,159 - Spike damage: 5
2024-02-13 13:38:27,178 - Spike damage: 5
2024-02-13 13:38:27,192 - Spike damage: 5
2024-02-13 13:38:27,208 - Spike damage: 5
2024-02-13 13:38:28,655 - Spike damage: 5
2024-02-13 13:38:28,674 - Spike damage: 5
2024-02-13 13:38:28,689 - Spike damage: 5
2024-02-13 13:38:28,705 - Spike damage: 5
2024-02-13 13:38:28,722 - Spike damage: 5
2024-02-13 13:38:28,737 - Spike damage: 5
2024-02-13 13:38:28,755 - Spike damage: 5
2024-02-13 13:38:28,771 - Spike damage: 5
2024-02-13 13:38:28,949 - Spike damage: 5
2024-02-13 13:38:28,949 - Spike damage: 5
2024-02-13 13:38:28,966 - Spike damage: 5
2024-02-13 13:38:28,966 - Spike damage: 5
2024-02-13 13:38:28,983 - Spike damage: 5
2024-02-13 13:38:28,983 - Spike damage: 5
2024-02-13 13:38:28,984 - Resetting stats
2024-02-13 13:38:32,695 - Spike damage: 5
2024-02-13 13:38:32,695 - Spike damage: 5
2024-02-13 13:38:32,709 - Spike damage: 5
2024-02-13 13:38:32,709 - Spike damage: 5
2024-02-13 13:38:32,723 - Spike damage: 5
2024-02-13 13:38:32,723 - Spike damage: 5
2024-02-13 13:38:32,741 - Spike damage: 5
2024-02-13 13:38:32,741 - Spike damage: 5
2024-02-13 13:38:32,758 - Spike damage: 5
2024-02-13 13:38:32,772 - Spike damage: 5
2024-02-13 13:38:32,790 - Spike damage: 5
2024-02-13 13:38:35,141 - Spike damage: 5
2024-02-13 13:38:35,156 - Spike damage: 5
2024-02-13 13:38:35,174 - Spike damage: 5
2024-02-13 13:38:35,191 - Spike damage: 5
2024-02-13 13:38:35,207 - Spike damage: 5
2024-02-13 13:38:35,223 - Spike damage: 5
2024-02-13 13:38:35,239 - Spike damage: 5
2024-02-13 13:38:35,257 - Spike damage: 5
2024-02-13 13:38:35,272 - Spike damage: 5
2024-02-13 13:38:35,288 - Spike damage: 5
2024-02-13 13:38:35,303 - Spike damage: 5
2024-02-13 13:38:35,319 - Spike damage: 5
2024-02-13 13:38:35,335 - Spike damage: 5
2024-02-13 13:38:35,355 - Spike damage: 5
2024-02-13 13:38:35,355 - Resetting stats
2024-02-13 13:38:39,060 - Spike damage: 5
2024-02-13 13:38:39,060 - Spike damage: 5
2024-02-13 13:38:39,076 - Spike damage: 5
2024-02-13 13:38:39,077 - Spike damage: 5
2024-02-13 13:38:39,091 - Spike damage: 5
2024-02-13 13:38:39,091 - Spike damage: 5
2024-02-13 13:38:39,109 - Spike damage: 5
2024-02-13 13:38:39,126 - Spike damage: 5
2024-02-13 13:38:39,142 - Spike damage: 5
2024-02-13 13:38:42,010 - Initializing level 2
2024-02-13 13:38:46,277 - Spike damage: 5
2024-02-13 13:38:46,293 - Spike damage: 5
2024-02-13 13:38:46,309 - Spike damage: 5
2024-02-13 13:38:46,326 - Spike damage: 5
2024-02-13 13:38:46,326 - Spike damage: 5
2024-02-13 13:38:46,344 - Spike damage: 5
2024-02-13 13:38:46,345 - Spike damage: 5
2024-02-13 13:38:46,360 - Spike damage: 5
2024-02-13 13:38:46,360 - Spike damage: 5
2024-02-13 13:38:46,375 - Spike damage: 5
2024-02-13 13:38:46,375 - Spike damage: 5
2024-02-13 13:38:46,375 - Spike damage: 5
2024-02-13 13:38:46,391 - Spike damage: 5
2024-02-13 13:38:46,392 - Spike damage: 5
2024-02-13 13:38:46,410 - Spike damage: 5
2024-02-13 13:38:46,410 - Spike damage: 5
2024-02-13 13:38:46,410 - Spike damage: 5
2024-02-13 13:38:47,097 - Spike damage: 5
2024-02-13 13:38:47,097 - Spike damage: 5
2024-02-13 13:38:47,111 - Spike damage: 5
2024-02-13 13:38:47,111 - Spike damage: 5
2024-02-13 13:38:47,111 - Resetting stats
2024-02-13 13:38:50,032 - Spike damage: 5
2024-02-13 13:38:50,033 - Spike damage: 5
2024-02-13 13:38:50,046 - Spike damage: 5
2024-02-13 13:38:50,047 - Spike damage: 5
2024-02-13 13:38:50,062 - Spike damage: 5
2024-02-13 13:38:50,063 - Spike damage: 5
2024-02-13 13:38:50,080 - Spike damage: 5
2024-02-13 13:38:50,098 - Spike damage: 5
2024-02-13 13:38:50,114 - Spike damage: 5
2024-02-13 13:38:50,127 - Spike damage: 5
2024-02-13 13:38:52,963 - Initializing level 2
2024-02-13 13:38:57,612 - Spike damage: 5
2024-02-13 13:39:02,644 - Initializing level 3
2024-02-13 13:39:11,156 - Spike damage: 5
2024-02-13 13:39:11,176 - Spike damage: 5
2024-02-13 13:39:13,148 - Spike damage: 5
2024-02-13 13:39:13,168 - Spike damage: 5
2024-02-13 13:39:13,183 - Spike damage: 5
2024-02-13 13:39:13,197 - Spike damage: 5
2024-02-13 13:39:13,214 - Spike damage: 5
2024-02-13 13:39:13,239 - Spike damage: 5
2024-02-13 13:39:13,256 - Spike damage: 5
2024-02-13 13:39:13,830 - Spike damage: 5
2024-02-13 13:39:13,845 - Spike damage: 5
2024-02-13 13:39:13,867 - Resetting stats
